<?xml version="1.0" encoding="UTF-8"?>
<!-- Generated by org.testng.reporters.JUnitReportReporter -->
<testsuite hostname="DESKTOP-9UKQG8I" failures="0" tests="1" name="Demo.Sma1Test" time="0.000" errors="0" timestamp="2024-10-04T14:50:11 IST" skipped="0">
  <testcase classname="Demo.Sma1Test" name="m2" time="0.000"/>
</testsuite> <!-- Demo.Sma1Test -->
