<?xml version="1.0" encoding="UTF-8"?>
<!-- Generated by org.testng.reporters.JUnitReportReporter -->
<testsuite hostname="DESKTOP-9UKQG8I" failures="0" tests="1" name="Demo.SampleTest" time="0.007" errors="0" timestamp="2024-10-04T14:50:11 IST" skipped="0">
  <testcase classname="Demo.SampleTest" name="m1" time="0.007"/>
</testsuite> <!-- Demo.SampleTest -->
